0000 7.494605 0.513500 0.419532
0001 7.059766 0.497357 0.413843
0002 7.047728 0.503614 0.418136
0003 7.132475 0.513861 0.415427
0004 7.031694 0.517970 0.433372
0005 6.992497 0.530911 0.434226
0006 6.924484 0.518137 0.436303
0007 6.828072 0.516168 0.428838
0008 6.663598 0.546615 0.443248
0009 6.239641 0.531097 0.435601
0010 5.651974 0.571095 0.474763
0011 5.142721 0.624604 0.520970
0012 4.728268 0.556681 0.458509
0013 4.372375 0.533214 0.434544
0014 4.044698 0.536357 0.435555
0015 3.743724 0.524363 0.429465
0016 3.475134 0.544522 0.458724
0017 3.196622 0.531350 0.433797
0018 2.930405 0.543618 0.437683
0019 2.692079 0.530227 0.430591
0020 2.440011 0.531467 0.430080
0021 2.197069 0.521986 0.431014
0022 1.985106 0.517770 0.426329
0023 1.788758 0.517843 0.428724
0024 1.595605 0.519533 0.425901
0025 1.415690 0.516680 0.427680
0026 1.253149 0.522038 0.425379
0027 1.104175 0.521506 0.422238
0028 0.971336 0.512394 0.416783
0029 0.846512 0.514598 0.418810
